<?xml version="1.0" encoding="UTF-8"?>
<!-- Generated by org.testng.reporters.JUnitReportReporter -->
<testsuite skipped="0" hostname="LAPTOP-PB9UQNVS" name="com.tesng.classCreate.CreateNewOpportunities" tests="1" failures="0" timestamp="2021-09-04T16:15:24 EDT" time="16.222" errors="0">
  <testcase name="runCreateNewOpportunitues" time="16.222" classname="com.tesng.classCreate.CreateNewOpportunities"/>
  <system-out/>
</testsuite> <!-- com.tesng.classCreate.CreateNewOpportunities -->
