<?xml version="1.0" encoding="UTF-8"?>
<!-- Generated by org.testng.reporters.JUnitReportReporter -->
<testsuite skipped="0" hostname="LAPTOP-PB9UQNVS" name="com.tesng.classCreate.DeleteLegalEntites" tests="1" failures="0" timestamp="2021-09-10T16:16:49 EDT" time="23.185" errors="0">
  <testcase name="runDeleteLegalEntities" time="23.185" classname="com.tesng.classCreate.DeleteLegalEntites"/>
  <system-out/>
</testsuite> <!-- com.tesng.classCreate.DeleteLegalEntites -->
