<?xml version="1.0" encoding="UTF-8"?>
<!-- Generated by org.testng.reporters.JUnitReportReporter -->
<testsuite skipped="0" hostname="LAPTOP-PB9UQNVS" name="com.tesng.classCreate.CreateOrder" tests="1" failures="0" timestamp="2021-09-04T23:48:50 EDT" time="27.519" errors="0">
  <testcase name="runCreateOrder" time="27.519" classname="com.tesng.classCreate.CreateOrder"/>
  <system-out/>
</testsuite> <!-- com.tesng.classCreate.CreateOrder -->
