<?xml version="1.0" encoding="UTF-8"?>
<!-- Generated by org.testng.reporters.JUnitReportReporter -->
<testsuite skipped="0" hostname="LAPTOP-PB9UQNVS" name="com.tesng.classCreate.ServiceSortOrder" tests="1" failures="0" timestamp="2021-09-10T17:08:01 EDT" time="42.006" errors="0">
  <testcase name="runServiceSortOrder" time="42.006" classname="com.tesng.classCreate.ServiceSortOrder"/>
  <system-out/>
</testsuite> <!-- com.tesng.classCreate.ServiceSortOrder -->
